Start testing: May 19 13:39 CEST
----------------------------------------------------------
1/6 Testing: Problem1.BalancedNum
1/6 Test: Problem1.BalancedNum
Command: "/home/ant0nius/Didattica/SE4HPC/handson_ci_test/build/tests" "--gtest_filter=Problem1.BalancedNum" "--gtest_also_run_disabled_tests"
Directory: /home/ant0nius/Didattica/SE4HPC/handson_ci_test/build
"Problem1.BalancedNum" start time: May 19 13:39 CEST
Output:
----------------------------------------------------------
Note: Google Test filter = Problem1.BalancedNum
[==========] Running 1 test from 1 test suite.
[----------] Global test environment set-up.
[----------] 1 test from Problem1
[ RUN      ] Problem1.BalancedNum
/home/ant0nius/Didattica/SE4HPC/handson_ci_test/tests/tests.cpp:5: Failure
Expected equality of these values:
  balancedNum(7)
    Which is: ""
  "Balanced"
/home/ant0nius/Didattica/SE4HPC/handson_ci_test/tests/tests.cpp:6: Failure
Expected equality of these values:
  balancedNum(295591)
    Which is: ""
  "Not Balanced"
/home/ant0nius/Didattica/SE4HPC/handson_ci_test/tests/tests.cpp:7: Failure
Expected equality of these values:
  balancedNum(959)
    Which is: ""
  "Balanced"
/home/ant0nius/Didattica/SE4HPC/handson_ci_test/tests/tests.cpp:8: Failure
Expected equality of these values:
  balancedNum(27102983)
    Which is: ""
  "Not Balanced"
[  FAILED  ] Problem1.BalancedNum (0 ms)
[----------] 1 test from Problem1 (0 ms total)

[----------] Global test environment tear-down
[==========] 1 test from 1 test suite ran. (0 ms total)
[  PASSED  ] 0 tests.
[  FAILED  ] 1 test, listed below:
[  FAILED  ] Problem1.BalancedNum

 1 FAILED TEST
<end of output>
Test time =   0.00 sec
----------------------------------------------------------
Test Failed.
"Problem1.BalancedNum" end time: May 19 13:39 CEST
"Problem1.BalancedNum" time elapsed: 00:00:00
----------------------------------------------------------

2/6 Testing: Problem2.IsIsogram
2/6 Test: Problem2.IsIsogram
Command: "/home/ant0nius/Didattica/SE4HPC/handson_ci_test/build/tests" "--gtest_filter=Problem2.IsIsogram" "--gtest_also_run_disabled_tests"
Directory: /home/ant0nius/Didattica/SE4HPC/handson_ci_test/build
"Problem2.IsIsogram" start time: May 19 13:39 CEST
Output:
----------------------------------------------------------
Note: Google Test filter = Problem2.IsIsogram
[==========] Running 1 test from 1 test suite.
[----------] Global test environment set-up.
[----------] 1 test from Problem2
[ RUN      ] Problem2.IsIsogram
/home/ant0nius/Didattica/SE4HPC/handson_ci_test/tests/tests.cpp:12: Failure
Value of: is_isogram("Dermatoglyphics")
  Actual: false
Expected: true
[  FAILED  ] Problem2.IsIsogram (0 ms)
[----------] 1 test from Problem2 (0 ms total)

[----------] Global test environment tear-down
[==========] 1 test from 1 test suite ran. (0 ms total)
[  PASSED  ] 0 tests.
[  FAILED  ] 1 test, listed below:
[  FAILED  ] Problem2.IsIsogram

 1 FAILED TEST
<end of output>
Test time =   0.00 sec
----------------------------------------------------------
Test Failed.
"Problem2.IsIsogram" end time: May 19 13:39 CEST
"Problem2.IsIsogram" time elapsed: 00:00:00
----------------------------------------------------------

3/6 Testing: Problem3.PossiblyPerfect
3/6 Test: Problem3.PossiblyPerfect
Command: "/home/ant0nius/Didattica/SE4HPC/handson_ci_test/build/tests" "--gtest_filter=Problem3.PossiblyPerfect" "--gtest_also_run_disabled_tests"
Directory: /home/ant0nius/Didattica/SE4HPC/handson_ci_test/build
"Problem3.PossiblyPerfect" start time: May 19 13:39 CEST
Output:
----------------------------------------------------------
Note: Google Test filter = Problem3.PossiblyPerfect
[==========] Running 1 test from 1 test suite.
[----------] Global test environment set-up.
[----------] 1 test from Problem3
[ RUN      ] Problem3.PossiblyPerfect
/home/ant0nius/Didattica/SE4HPC/handson_ci_test/tests/tests.cpp:20: Failure
Value of: possibly_perfect({'A', 'B', 'C', '_'}, {'B', 'A', 'C', 'C'})
  Actual: true
Expected: false
/home/ant0nius/Didattica/SE4HPC/handson_ci_test/tests/tests.cpp:22: Failure
Value of: possibly_perfect({'B', 'A'}, {'C', 'A'})
  Actual: true
Expected: false
[  FAILED  ] Problem3.PossiblyPerfect (0 ms)
[----------] 1 test from Problem3 (0 ms total)

[----------] Global test environment tear-down
[==========] 1 test from 1 test suite ran. (0 ms total)
[  PASSED  ] 0 tests.
[  FAILED  ] 1 test, listed below:
[  FAILED  ] Problem3.PossiblyPerfect

 1 FAILED TEST
<end of output>
Test time =   0.00 sec
----------------------------------------------------------
Test Failed.
"Problem3.PossiblyPerfect" end time: May 19 13:39 CEST
"Problem3.PossiblyPerfect" time elapsed: 00:00:00
----------------------------------------------------------

4/6 Testing: Problem4.FindOdd
4/6 Test: Problem4.FindOdd
Command: "/home/ant0nius/Didattica/SE4HPC/handson_ci_test/build/tests" "--gtest_filter=Problem4.FindOdd" "--gtest_also_run_disabled_tests"
Directory: /home/ant0nius/Didattica/SE4HPC/handson_ci_test/build
"Problem4.FindOdd" start time: May 19 13:39 CEST
Output:
----------------------------------------------------------
Note: Google Test filter = Problem4.FindOdd
[==========] Running 1 test from 1 test suite.
[----------] Global test environment set-up.
[----------] 1 test from Problem4
[ RUN      ] Problem4.FindOdd
/home/ant0nius/Didattica/SE4HPC/handson_ci_test/tests/tests.cpp:28: Failure
Expected equality of these values:
  findOdd({7})
    Which is: 1
  7
/home/ant0nius/Didattica/SE4HPC/handson_ci_test/tests/tests.cpp:29: Failure
Expected equality of these values:
  findOdd({0})
    Which is: 1
  0
/home/ant0nius/Didattica/SE4HPC/handson_ci_test/tests/tests.cpp:30: Failure
Expected equality of these values:
  findOdd({1, 1, 2})
    Which is: 1
  2
/home/ant0nius/Didattica/SE4HPC/handson_ci_test/tests/tests.cpp:31: Failure
Expected equality of these values:
  findOdd({0, 1, 0, 1, 0})
    Which is: 1
  0
/home/ant0nius/Didattica/SE4HPC/handson_ci_test/tests/tests.cpp:32: Failure
Expected equality of these values:
  findOdd({1, 2, 2, 3, 3, 3, 4, 3, 3, 3, 2, 2, 1})
    Which is: 1
  4
[  FAILED  ] Problem4.FindOdd (0 ms)
[----------] 1 test from Problem4 (0 ms total)

[----------] Global test environment tear-down
[==========] 1 test from 1 test suite ran. (0 ms total)
[  PASSED  ] 0 tests.
[  FAILED  ] 1 test, listed below:
[  FAILED  ] Problem4.FindOdd

 1 FAILED TEST
<end of output>
Test time =   0.00 sec
----------------------------------------------------------
Test Failed.
"Problem4.FindOdd" end time: May 19 13:39 CEST
"Problem4.FindOdd" time elapsed: 00:00:00
----------------------------------------------------------

5/6 Testing: Problem5.EncodeDecode
5/6 Test: Problem5.EncodeDecode
Command: "/home/ant0nius/Didattica/SE4HPC/handson_ci_test/build/tests" "--gtest_filter=Problem5.EncodeDecode" "--gtest_also_run_disabled_tests"
Directory: /home/ant0nius/Didattica/SE4HPC/handson_ci_test/build
"Problem5.EncodeDecode" start time: May 19 13:39 CEST
Output:
----------------------------------------------------------
Note: Google Test filter = Problem5.EncodeDecode
[==========] Running 1 test from 1 test suite.
[----------] Global test environment set-up.
[----------] 1 test from Problem5
[ RUN      ] Problem5.EncodeDecode
/home/ant0nius/Didattica/SE4HPC/handson_ci_test/tests/tests.cpp:36: Failure
Expected equality of these values:
  encode("hello")
    Which is: ""
  "h2ll4"
/home/ant0nius/Didattica/SE4HPC/handson_ci_test/tests/tests.cpp:37: Failure
Expected equality of these values:
  decode("h3 th2r2")
    Which is: ""
  "hi there"
[  FAILED  ] Problem5.EncodeDecode (0 ms)
[----------] 1 test from Problem5 (0 ms total)

[----------] Global test environment tear-down
[==========] 1 test from 1 test suite ran. (0 ms total)
[  PASSED  ] 0 tests.
[  FAILED  ] 1 test, listed below:
[  FAILED  ] Problem5.EncodeDecode

 1 FAILED TEST
<end of output>
Test time =   0.00 sec
----------------------------------------------------------
Test Failed.
"Problem5.EncodeDecode" end time: May 19 13:39 CEST
"Problem5.EncodeDecode" time elapsed: 00:00:00
----------------------------------------------------------

6/6 Testing: Problem6.Bananas
6/6 Test: Problem6.Bananas
Command: "/home/ant0nius/Didattica/SE4HPC/handson_ci_test/build/tests" "--gtest_filter=Problem6.Bananas" "--gtest_also_run_disabled_tests"
Directory: /home/ant0nius/Didattica/SE4HPC/handson_ci_test/build
"Problem6.Bananas" start time: May 19 13:39 CEST
Output:
----------------------------------------------------------
Note: Google Test filter = Problem6.Bananas
[==========] Running 1 test from 1 test suite.
[----------] Global test environment set-up.
[----------] 1 test from Problem6
[ RUN      ] Problem6.Bananas
/home/ant0nius/Didattica/SE4HPC/handson_ci_test/tests/tests.cpp:43: Failure
Expected equality of these values:
  bananas("bbananana")
    Which is: {}
  expected
    Which is: { "-b--anana", "-ban--ana", "-ba--nana", "-banan--a", "b---anana", "-banana--", "b-a--nana", "b-an--ana", "b-ana--na", "-bana--na", "b-anan--a", "b-anana--" }
[  FAILED  ] Problem6.Bananas (0 ms)
[----------] 1 test from Problem6 (0 ms total)

[----------] Global test environment tear-down
[==========] 1 test from 1 test suite ran. (0 ms total)
[  PASSED  ] 0 tests.
[  FAILED  ] 1 test, listed below:
[  FAILED  ] Problem6.Bananas

 1 FAILED TEST
<end of output>
Test time =   0.00 sec
----------------------------------------------------------
Test Failed.
"Problem6.Bananas" end time: May 19 13:39 CEST
"Problem6.Bananas" time elapsed: 00:00:00
----------------------------------------------------------

End testing: May 19 13:39 CEST
